\BOOKMARK [1][-]{Doc-Start}{\166\356\223\004}{}% 1
\BOOKMARK [1][-]{section*.2}{\144\130\211\201}{}% 2
\BOOKMARK [1][-]{section.1}{\133\211\210\335}{}% 3
\BOOKMARK [1][-]{section.2}{TeXstudio\174\041\116\313}{}% 4
\BOOKMARK [1][-]{section.3}{MiKTeX\174\041\116\313}{}% 5
\BOOKMARK [1][-]{section.4}{LaTeX \127\372\171\016}{}% 6
\BOOKMARK [2][-]{subsection.4.1}{begin\123\312end\165\(\154\325}{section.4}% 7
\BOOKMARK [1][-]{section.5}{\116\055\145\207\217\070\121\145}{}% 8
\BOOKMARK [1][-]{section.6}{\136\070\165\(\143\007\116\344}{}% 9
\BOOKMARK [2][-]{subsection.6.1}{\172\340\173\300\060\001\121\147\145\207\166\370\225\334\136\070\165\(\143\007\116\344}{section.6}% 10
\BOOKMARK [3][-]{subsubsection.6.1.1}{\174\227\232\324\133\127\060\001\145\234\232\324\133\127\166\370\225\334}{subsection.6.1}% 11
\BOOKMARK [2][-]{subsection.6.2}{\172\172\166\175\060\001\210\114\225\223\215\335\060\001\143\333\210\114\060\001\143\333\230\001}{section.6}% 12
\BOOKMARK [2][-]{subsection.6.3}{\136\070\165\(\123\100\130\112\127\213\122\237\200\375}{section.6}% 13
\BOOKMARK [2][-]{subsection.6.4}{\165\042\165\037\166\356\223\004}{section.6}% 14
\BOOKMARK [1][-]{section.7}{\212\326\145\207\175\350\217\057\166\370\225\334}{}% 15
\BOOKMARK [2][-]{subsection.7.1}{\201\352\212\002\152\031\230\114\150\074\137\017}{section.7}% 16
\BOOKMARK [2][-]{subsection.7.2}{\144\130\211\201}{section.7}% 17
\BOOKMARK [2][-]{subsection.7.3}{\210\150\150\074}{section.7}% 18
\BOOKMARK [3][-]{subsubsection.7.3.1}{\215\350\153\004}{subsection.7.3}% 19
\BOOKMARK [2][-]{subsection.7.4}{\143\322\121\145\127\026\162\107}{section.7}% 20
\BOOKMARK [3][-]{subsubsection.7.4.1}{\127\026\162\107\124\015\172\061\123\312\201\352\122\325\152\031\206\137}{subsection.7.4}% 21
\BOOKMARK [2][-]{subsection.7.5}{\123\303\200\003\214\307\145\231}{section.7}% 22
\BOOKMARK [2][-]{subsection.7.6}{\145\271\172\013\137\017}{section.7}% 23
\BOOKMARK [3][-]{subsubsection.7.6.1}{\145\271\172\013\137\017\201\352\122\325\152\031\206\137}{subsection.7.6}% 24
\BOOKMARK [3][-]{subsubsection.7.6.2}{\145\271\172\013\137\017\121\147\220\350\134\015\237\112}{subsection.7.6}% 25
\BOOKMARK [2][-]{subsection.7.7}{\213\212\146\364\230\001\227\142\134\072\133\370\123\312\121\147\145\207\220\212\215\335}{section.7}% 26
\BOOKMARK [2][-]{subsection.7.8}{\146\364\145\071\230\020\212\055\124\015\172\061}{section.7}% 27
